<?xml version="1.0" encoding="UTF-8"?>
<!-- Generated by org.testng.reporters.JUnitReportReporter -->
<testsuite hostname="Srikanth" failures="0" tests="1" name="Runner.TestRunner" time="4.319" errors="0" timestamp="2024-11-04T18:48:34 IST" skipped="0">
  <testcase classname="Runner.TestRunner" name="runScenario" time="4.319"/>
</testsuite> <!-- Runner.TestRunner -->
